\BOOKMARK [0][-]{chapter*.1}{\376\377\000P\000r\000e\000f\000a\000c\000e}{}% 1
\BOOKMARK [-1][-]{part.1}{\376\377\000I\000\040\000B\000a\000s\000i\000c\000\040\000I\000n\000t\000r\000o\000d\000u\000c\000t\000i\000o\000n}{}% 2
\BOOKMARK [0][-]{chapter.1}{\376\377\000D\000a\000t\000a\000\040\000S\000t\000r\000u\000c\000t\000u\000r\000e\000\040\000I\000n\000t\000r\000o\000d\000u\000c\000t\000i\000o\000n}{part.1}% 3
\BOOKMARK [0][-]{chapter.2}{\376\377\000C\000l\000a\000s\000s\000i\000f\000i\000c\000a\000t\000i\000o\000n\000\040\000o\000f\000\040\000D\000a\000t\000a\000\040\000S\000t\000r\000u\000c\000t\000u\000r\000e\000s}{part.1}% 4
\BOOKMARK [0][-]{chapter.3}{\376\377\000I\000n\000t\000r\000o\000d\000u\000c\000t\000i\000o\000n\000\040\000t\000o\000\040\000A\000l\000g\000o\000r\000i\000t\000h\000m}{part.1}% 5
\BOOKMARK [0][-]{chapter.4}{\376\377\000A\000s\000y\000m\000p\000t\000o\000t\000i\000c\000\040\000A\000n\000a\000l\000y\000s\000i\000s}{part.1}% 6
\BOOKMARK [0][-]{chapter.5}{\376\377\000P\000o\000i\000n\000t\000e\000r\000s\000\040\000i\000n\000\040\000C\000+\000+}{part.1}% 7
\BOOKMARK [0][-]{chapter.6}{\376\377\000S\000t\000r\000u\000c\000t\000,\000\040\000U\000n\000i\000o\000n\000\040\000a\000n\000d\000\040\000E\000n\000u\000m}{part.1}% 8
\BOOKMARK [1][-]{section.6.1}{\376\377\000S\000t\000r\000u\000c\000t\000u\000r\000e\000\040\000\050\000s\000t\000r\000u\000c\000t\000\051}{chapter.6}% 9
\BOOKMARK [1][-]{section.6.2}{\376\377\000U\000n\000i\000o\000n\000\040\000\050\000u\000n\000i\000o\000n\000\051}{chapter.6}% 10
\BOOKMARK [1][-]{section.6.3}{\376\377\000E\000n\000u\000m\000e\000r\000a\000t\000i\000o\000n\000\040\000\050\000e\000n\000u\000m\000\051}{chapter.6}% 11
\BOOKMARK [-1][-]{part.2}{\376\377\000I\000I\000\040\000L\000i\000n\000e\000a\000r\000\040\000D\000a\000t\000a\000\040\000S\000t\000r\000u\000c\000t\000u\000r\000e\000s}{}% 12
\BOOKMARK [0][-]{chapter.7}{\376\377\000A\000r\000r\000a\000y\000s}{part.2}% 13
\BOOKMARK [1][-]{section.7.1}{\376\377\000A\000r\000r\000a\000y\000\040\000D\000e\000c\000l\000a\000r\000a\000t\000i\000o\000n\000s\000\040\000a\000n\000d\000\040\000S\000y\000n\000t\000a\000x}{chapter.7}% 14
\BOOKMARK [1][-]{section.7.2}{\376\377\000T\000i\000m\000e\000\040\000a\000n\000d\000\040\000S\000p\000a\000c\000e\000\040\000C\000o\000m\000p\000l\000e\000x\000i\000t\000y}{chapter.7}% 15
\BOOKMARK [1][-]{section.7.3}{\376\377\000M\000e\000m\000o\000r\000y\000\040\000A\000l\000l\000o\000c\000a\000t\000i\000o\000n\000\040\000a\000n\000d\000\040\000A\000d\000d\000r\000e\000s\000s\000\040\000C\000a\000l\000c\000u\000l\000a\000t\000i\000o\000n}{chapter.7}% 16
\BOOKMARK [1][-]{section.7.4}{\376\377\000P\000a\000s\000s\000i\000n\000g\000\040\000A\000r\000r\000a\000y\000s\000\040\000t\000o\000\040\000F\000u\000n\000c\000t\000i\000o\000n\000s}{chapter.7}% 17
\BOOKMARK [1][-]{section.7.5}{\376\377\000T\000w\000o\000-\000D\000i\000m\000e\000n\000s\000i\000o\000n\000a\000l\000\040\000A\000r\000r\000a\000y\000s\000\040\000a\000n\000d\000\040\000M\000a\000t\000r\000i\000x\000\040\000R\000e\000p\000r\000e\000s\000e\000n\000t\000a\000t\000i\000o\000n}{chapter.7}% 18
\BOOKMARK [1][-]{section.7.6}{\376\377\000M\000u\000l\000t\000i\000d\000i\000m\000e\000n\000s\000i\000o\000n\000a\000l\000\040\000A\000r\000r\000a\000y\000s}{chapter.7}% 19
\BOOKMARK [1][-]{section.7.7}{\376\377\000M\000a\000t\000r\000i\000x\000\040\000R\000e\000p\000r\000e\000s\000e\000n\000t\000a\000t\000i\000o\000n\000\040\000a\000n\000d\000\040\000A\000p\000p\000l\000i\000c\000a\000t\000i\000o\000n\000s}{chapter.7}% 20
\BOOKMARK [1][-]{section.7.8}{\376\377\000D\000r\000a\000w\000b\000a\000c\000k\000s\000\040\000o\000f\000\040\000A\000r\000r\000a\000y\000s}{chapter.7}% 21
\BOOKMARK [1][-]{section.7.9}{\376\377\000S\000u\000m\000m\000a\000r\000y\000\040\000T\000a\000b\000l\000e\000\040\000o\000f\000\040\000A\000r\000r\000a\000y\000\040\000T\000y\000p\000e\000s\000\040\000a\000n\000d\000\040\000S\000y\000n\000t\000a\000x}{chapter.7}% 22
\BOOKMARK [1][-]{section.7.10}{\376\377\000A\000d\000d\000i\000t\000i\000o\000n\000a\000l\000\040\000D\000i\000a\000g\000r\000a\000m\000s}{chapter.7}% 23
\BOOKMARK [1][-]{section.7.11}{\376\377\000I\000n\000d\000e\000x\000\040\000D\000i\000a\000g\000r\000a\000m\000\040\000a\000n\000d\000\040\000T\000a\000b\000l\000e}{chapter.7}% 24
\BOOKMARK [0][-]{chapter.8}{\376\377\000L\000i\000n\000k\000e\000d\000\040\000L\000i\000s\000t}{part.2}% 25
\BOOKMARK [1][-]{section.8.1}{\376\377\000S\000i\000n\000g\000l\000y\000\040\000L\000i\000n\000k\000e\000d\000\040\000L\000i\000s\000t}{chapter.8}% 26
\BOOKMARK [2][-]{subsection.8.1.1}{\376\377\000N\000o\000d\000e\000\040\000S\000t\000r\000u\000c\000t\000u\000r\000e\000\040\000\050\000S\000i\000n\000g\000l\000y\000\051}{section.8.1}% 27
\BOOKMARK [2][-]{subsection.8.1.2}{\376\377\000O\000p\000e\000r\000a\000t\000i\000o\000n\000s\000\040\000o\000n\000\040\000S\000i\000n\000g\000l\000y\000\040\000L\000i\000n\000k\000e\000d\000\040\000L\000i\000s\000t}{section.8.1}% 28
\BOOKMARK [2][-]{subsection.8.1.3}{\376\377\000D\000i\000a\000g\000r\000a\000m\000:\000\040\000S\000i\000n\000g\000l\000y\000\040\000L\000i\000n\000k\000e\000d\000\040\000L\000i\000s\000t}{section.8.1}% 29
\BOOKMARK [1][-]{section.8.2}{\376\377\000D\000o\000u\000b\000l\000y\000\040\000L\000i\000n\000k\000e\000d\000\040\000L\000i\000s\000t}{chapter.8}% 30
\BOOKMARK [2][-]{subsection.8.2.1}{\376\377\000N\000o\000d\000e\000\040\000S\000t\000r\000u\000c\000t\000u\000r\000e\000\040\000\050\000D\000o\000u\000b\000l\000y\000\051}{section.8.2}% 31
\BOOKMARK [2][-]{subsection.8.2.2}{\376\377\000O\000p\000e\000r\000a\000t\000i\000o\000n\000s\000\040\000o\000n\000\040\000D\000o\000u\000b\000l\000y\000\040\000L\000i\000n\000k\000e\000d\000\040\000L\000i\000s\000t}{section.8.2}% 32
\BOOKMARK [2][-]{subsection.8.2.3}{\376\377\000D\000i\000a\000g\000r\000a\000m\000:\000\040\000D\000o\000u\000b\000l\000y\000\040\000L\000i\000n\000k\000e\000d\000\040\000L\000i\000s\000t}{section.8.2}% 33
\BOOKMARK [1][-]{section.8.3}{\376\377\000C\000i\000r\000c\000u\000l\000a\000r\000\040\000L\000i\000n\000k\000e\000d\000\040\000L\000i\000s\000t}{chapter.8}% 34
\BOOKMARK [2][-]{subsection.8.3.1}{\376\377\000N\000o\000d\000e\000\040\000S\000t\000r\000u\000c\000t\000u\000r\000e\000\040\000\050\000C\000i\000r\000c\000u\000l\000a\000r\000\051}{section.8.3}% 35
\BOOKMARK [2][-]{subsection.8.3.2}{\376\377\000O\000p\000e\000r\000a\000t\000i\000o\000n\000s\000\040\000o\000n\000\040\000C\000i\000r\000c\000u\000l\000a\000r\000\040\000L\000i\000n\000k\000e\000d\000\040\000L\000i\000s\000t}{section.8.3}% 36
\BOOKMARK [2][-]{subsection.8.3.3}{\376\377\000D\000i\000a\000g\000r\000a\000m\000:\000\040\000C\000i\000r\000c\000u\000l\000a\000r\000\040\000L\000i\000n\000k\000e\000d\000\040\000L\000i\000s\000t}{section.8.3}% 37
\BOOKMARK [1][-]{section.8.4}{\376\377\000C\000o\000m\000p\000l\000e\000x\000i\000t\000y\000\040\000A\000n\000a\000l\000y\000s\000i\000s\000\040\000f\000o\000r\000\040\000L\000i\000n\000k\000e\000d\000\040\000L\000i\000s\000t\000\040\000O\000p\000e\000r\000a\000t\000i\000o\000n\000s}{chapter.8}% 38
\BOOKMARK [1][-]{section.8.5}{\376\377\000S\000y\000n\000t\000a\000x\000\040\000S\000u\000m\000m\000a\000r\000y\000\040\000f\000o\000r\000\040\000L\000i\000n\000k\000e\000d\000\040\000L\000i\000s\000t\000\040\000N\000o\000d\000e\000\040\000S\000t\000r\000u\000c\000t\000u\000r\000e\000s}{chapter.8}% 39
\BOOKMARK [1][-]{section.8.6}{\376\377\000A\000d\000d\000i\000t\000i\000o\000n\000a\000l\000\040\000T\000h\000e\000o\000r\000e\000t\000i\000c\000a\000l\000\040\000C\000o\000n\000c\000e\000p\000t\000s}{chapter.8}% 40
\BOOKMARK [2][-]{subsection.8.6.1}{\376\377\000S\000i\000n\000g\000l\000y\000\040\000L\000i\000n\000k\000e\000d\000\040\000L\000i\000s\000t\000\040\000T\000h\000e\000o\000r\000y}{section.8.6}% 41
\BOOKMARK [2][-]{subsection.8.6.2}{\376\377\000D\000o\000u\000b\000l\000y\000\040\000L\000i\000n\000k\000e\000d\000\040\000L\000i\000s\000t\000\040\000T\000h\000e\000o\000r\000y}{section.8.6}% 42
\BOOKMARK [2][-]{subsection.8.6.3}{\376\377\000C\000i\000r\000c\000u\000l\000a\000r\000\040\000L\000i\000n\000k\000e\000d\000\040\000L\000i\000s\000t\000\040\000T\000h\000e\000o\000r\000y}{section.8.6}% 43
\BOOKMARK [2][-]{subsection.8.6.4}{\376\377\000M\000e\000m\000o\000r\000y\000\040\000M\000a\000n\000a\000g\000e\000m\000e\000n\000t\000\040\000a\000n\000d\000\040\000P\000o\000i\000n\000t\000e\000r\000\040\000U\000s\000a\000g\000e}{section.8.6}% 44
\BOOKMARK [1][-]{section.8.7}{\376\377\000C\000o\000n\000c\000l\000u\000s\000i\000o\000n}{chapter.8}% 45
\BOOKMARK [0][-]{chapter.9}{\376\377\000S\000t\000a\000c\000k}{part.2}% 46
\BOOKMARK [1][-]{section.9.1}{\376\377\000I\000n\000t\000r\000o\000d\000u\000c\000t\000i\000o\000n}{chapter.9}% 47
\BOOKMARK [1][-]{section.9.2}{\376\377\000D\000e\000f\000i\000n\000i\000t\000i\000o\000n\000\040\000a\000n\000d\000\040\000T\000h\000e\000o\000r\000e\000t\000i\000c\000a\000l\000\040\000B\000a\000c\000k\000g\000r\000o\000u\000n\000d}{chapter.9}% 48
\BOOKMARK [2][-]{subsection.9.2.1}{\376\377\000A\000d\000d\000i\000t\000i\000o\000n\000a\000l\000\040\000T\000h\000e\000o\000r\000e\000t\000i\000c\000a\000l\000\040\000C\000o\000n\000s\000i\000d\000e\000r\000a\000t\000i\000o\000n\000s}{section.9.2}% 49
\BOOKMARK [1][-]{section.9.3}{\376\377\000D\000i\000a\000g\000r\000a\000m\000s\000\040\000o\000f\000\040\000S\000t\000a\000c\000k\000\040\000O\000p\000e\000r\000a\000t\000i\000o\000n\000s}{chapter.9}% 50
\BOOKMARK [2][-]{subsection.9.3.1}{\376\377\000O\000v\000e\000r\000a\000l\000l\000\040\000S\000t\000a\000c\000k\000\040\000S\000t\000r\000u\000c\000t\000u\000r\000e}{section.9.3}% 51
\BOOKMARK [2][-]{subsection.9.3.2}{\376\377\000P\000u\000s\000h\000\040\000O\000p\000e\000r\000a\000t\000i\000o\000n\000\040\000D\000i\000a\000g\000r\000a\000m}{section.9.3}% 52
\BOOKMARK [2][-]{subsection.9.3.3}{\376\377\000P\000o\000p\000\040\000O\000p\000e\000r\000a\000t\000i\000o\000n\000\040\000D\000i\000a\000g\000r\000a\000m}{section.9.3}% 53
\BOOKMARK [1][-]{section.9.4}{\376\377\000C\000+\000+\000\040\000I\000m\000p\000l\000e\000m\000e\000n\000t\000a\000t\000i\000o\000n\000\040\000o\000f\000\040\000a\000\040\000S\000t\000a\000c\000k}{chapter.9}% 54
\BOOKMARK [1][-]{section.9.5}{\376\377\000E\000x\000a\000m\000p\000l\000e\000\040\000S\000c\000e\000n\000a\000r\000i\000o\000\040\000i\000n\000\040\000D\000e\000t\000a\000i\000l}{chapter.9}% 55
\BOOKMARK [1][-]{section.9.6}{\376\377\000I\000n\000f\000i\000x\000,\000\040\000P\000o\000s\000t\000f\000i\000x\000,\000\040\000a\000n\000d\000\040\000P\000r\000e\000f\000i\000x\000\040\000C\000o\000n\000v\000e\000r\000s\000i\000o\000n}{chapter.9}% 56
\BOOKMARK [2][-]{subsection.9.6.1}{\376\377\000T\000h\000e\000o\000r\000y\000\040\000a\000n\000d\000\040\000C\000o\000n\000v\000e\000r\000s\000i\000o\000n\000\040\000A\000l\000g\000o\000r\000i\000t\000h\000m\000s}{section.9.6}% 57
\BOOKMARK [2][-]{subsection.9.6.2}{\376\377\000E\000x\000t\000e\000n\000d\000e\000d\000\040\000C\000+\000+\000\040\000I\000m\000p\000l\000e\000m\000e\000n\000t\000a\000t\000i\000o\000n}{section.9.6}% 58
\BOOKMARK [2][-]{subsection.9.6.3}{\376\377\000E\000x\000p\000r\000e\000s\000s\000i\000o\000n\000\040\000T\000r\000e\000e\000\040\000D\000i\000a\000g\000r\000a\000m\000s}{section.9.6}% 59
\BOOKMARK [1][-]{section.9.7}{\376\377\000C\000+\000+\000\040\000I\000m\000p\000l\000e\000m\000e\000n\000t\000a\000t\000i\000o\000n\000\040\000o\000f\000\040\000a\000\040\000S\000t\000a\000c\000k\000\040\000u\000s\000i\000n\000g\000\040\000L\000i\000n\000k\000e\000d\000\040\000L\000i\000s\000t}{chapter.9}% 60
\BOOKMARK [1][-]{section.9.8}{\376\377\000C\000o\000n\000c\000l\000u\000s\000i\000o\000n}{chapter.9}% 61
\BOOKMARK [0][-]{chapter.10}{\376\377\000Q\000u\000e\000u\000e\000\040\000a\000n\000d\000\040\000P\000r\000i\000o\000r\000i\000t\000y\000\040\000Q\000u\000e\000u\000e}{part.2}% 62
\BOOKMARK [1][-]{section.10.1}{\376\377\000I\000n\000t\000r\000o\000d\000u\000c\000t\000i\000o\000n}{chapter.10}% 63
\BOOKMARK [1][-]{section.10.2}{\376\377\000D\000e\000f\000i\000n\000i\000t\000i\000o\000n\000\040\000a\000n\000d\000\040\000T\000h\000e\000o\000r\000e\000t\000i\000c\000a\000l\000\040\000B\000a\000c\000k\000g\000r\000o\000u\000n\000d}{chapter.10}% 64
\BOOKMARK [2][-]{subsection.10.2.1}{\376\377\000T\000i\000m\000e\000\040\000C\000o\000m\000p\000l\000e\000x\000i\000t\000y\000\040\000f\000o\000r\000\040\000Q\000u\000e\000u\000e\000\040\000O\000p\000e\000r\000a\000t\000i\000o\000n\000s}{section.10.2}% 65
\BOOKMARK [2][-]{subsection.10.2.2}{\376\377\000T\000i\000m\000e\000\040\000C\000o\000m\000p\000l\000e\000x\000i\000t\000y\000\040\000f\000o\000r\000\040\000P\000r\000i\000o\000r\000i\000t\000y\000\040\000Q\000u\000e\000u\000e\000\040\000O\000p\000e\000r\000a\000t\000i\000o\000n\000s}{section.10.2}% 66
\BOOKMARK [1][-]{section.10.3}{\376\377\000D\000i\000a\000g\000r\000a\000m\000s\000\040\000o\000f\000\040\000Q\000u\000e\000u\000e\000\040\000O\000p\000e\000r\000a\000t\000i\000o\000n\000s}{chapter.10}% 67
\BOOKMARK [2][-]{subsection.10.3.1}{\376\377\000S\000t\000a\000n\000d\000a\000r\000d\000\040\000Q\000u\000e\000u\000e\000\040\000D\000i\000a\000g\000r\000a\000m}{section.10.3}% 68
\BOOKMARK [2][-]{subsection.10.3.2}{\376\377\000P\000r\000i\000o\000r\000i\000t\000y\000\040\000Q\000u\000e\000u\000e\000\040\000D\000i\000a\000g\000r\000a\000m}{section.10.3}% 69
\BOOKMARK [1][-]{section.10.4}{\376\377\000C\000+\000+\000\040\000I\000m\000p\000l\000e\000m\000e\000n\000t\000a\000t\000i\000o\000n\000s}{chapter.10}% 70
\BOOKMARK [2][-]{subsection.10.4.1}{\376\377\000Q\000u\000e\000u\000e\000\040\000U\000s\000i\000n\000g\000\040\000A\000r\000r\000a\000y}{section.10.4}% 71
\BOOKMARK [2][-]{subsection.10.4.2}{\376\377\000Q\000u\000e\000u\000e\000\040\000U\000s\000i\000n\000g\000\040\000L\000i\000n\000k\000e\000d\000\040\000L\000i\000s\000t}{section.10.4}% 72
\BOOKMARK [2][-]{subsection.10.4.3}{\376\377\000P\000r\000i\000o\000r\000i\000t\000y\000\040\000Q\000u\000e\000u\000e\000\040\000U\000s\000i\000n\000g\000\040\000A\000r\000r\000a\000y\000\040\000\050\000U\000n\000s\000o\000r\000t\000e\000d\000\051}{section.10.4}% 73
\BOOKMARK [2][-]{subsection.10.4.4}{\376\377\000P\000r\000i\000o\000r\000i\000t\000y\000\040\000Q\000u\000e\000u\000e\000\040\000U\000s\000i\000n\000g\000\040\000L\000i\000n\000k\000e\000d\000\040\000L\000i\000s\000t\000\040\000\050\000S\000o\000r\000t\000e\000d\000\051}{section.10.4}% 74
\BOOKMARK [1][-]{section.10.5}{\376\377\000E\000x\000a\000m\000p\000l\000e\000\040\000S\000c\000e\000n\000a\000r\000i\000o\000\040\000i\000n\000\040\000D\000e\000t\000a\000i\000l}{chapter.10}% 75
\BOOKMARK [1][-]{section.10.6}{\376\377\000C\000o\000n\000c\000l\000u\000s\000i\000o\000n}{chapter.10}% 76
\BOOKMARK [0][-]{chapter.11}{\376\377\000S\000k\000i\000p\000\040\000L\000i\000s\000t}{part.2}% 77
\BOOKMARK [1][-]{section.11.1}{\376\377\000I\000n\000t\000r\000o\000d\000u\000c\000t\000i\000o\000n}{chapter.11}% 78
\BOOKMARK [1][-]{section.11.2}{\376\377\000D\000e\000f\000i\000n\000i\000t\000i\000o\000n\000\040\000a\000n\000d\000\040\000T\000h\000e\000o\000r\000e\000t\000i\000c\000a\000l\000\040\000B\000a\000c\000k\000g\000r\000o\000u\000n\000d}{chapter.11}% 79
\BOOKMARK [2][-]{subsection.11.2.1}{\376\377\000K\000e\000y\000\040\000O\000p\000e\000r\000a\000t\000i\000o\000n\000s}{section.11.2}% 80
\BOOKMARK [2][-]{subsection.11.2.2}{\376\377\000T\000i\000m\000e\000\040\000C\000o\000m\000p\000l\000e\000x\000i\000t\000y}{section.11.2}% 81
\BOOKMARK [1][-]{section.11.3}{\376\377\000D\000i\000a\000g\000r\000a\000m\000s\000\040\000o\000f\000\040\000S\000k\000i\000p\000\040\000L\000i\000s\000t\000\040\000O\000p\000e\000r\000a\000t\000i\000o\000n\000s}{chapter.11}% 82
\BOOKMARK [2][-]{subsection.11.3.1}{\376\377\000S\000k\000i\000p\000\040\000L\000i\000s\000t\000\040\000S\000t\000r\000u\000c\000t\000u\000r\000e\000\040\000D\000i\000a\000g\000r\000a\000m}{section.11.3}% 83
\BOOKMARK [1][-]{section.11.4}{\376\377\000C\000+\000+\000\040\000I\000m\000p\000l\000e\000m\000e\000n\000t\000a\000t\000i\000o\000n\000\040\000o\000f\000\040\000a\000\040\000S\000k\000i\000p\000\040\000L\000i\000s\000t}{chapter.11}% 84
\BOOKMARK [1][-]{section.11.5}{\376\377\000E\000x\000a\000m\000p\000l\000e\000\040\000S\000c\000e\000n\000a\000r\000i\000o\000\040\000i\000n\000\040\000D\000e\000t\000a\000i\000l}{chapter.11}% 85
\BOOKMARK [1][-]{section.11.6}{\376\377\000C\000o\000n\000c\000l\000u\000s\000i\000o\000n}{chapter.11}% 86
\BOOKMARK [-1][-]{part.3}{\376\377\000I\000I\000I\000\040\000N\000o\000n\000-\000l\000i\000n\000e\000a\000r\000\040\000D\000a\000t\000a\000\040\000S\000t\000r\000u\000c\000t\000u\000r\000e\000s}{}% 87
\BOOKMARK [0][-]{chapter.12}{\376\377\000T\000r\000e\000e\000\040\000D\000a\000t\000a\000\040\000S\000t\000r\000u\000c\000t\000u\000r\000e\000s}{part.3}% 88
\BOOKMARK [1][-]{section.12.1}{\376\377\000I\000n\000t\000r\000o\000d\000u\000c\000t\000i\000o\000n}{chapter.12}% 89
\BOOKMARK [1][-]{section.12.2}{\376\377\000D\000e\000f\000i\000n\000i\000t\000i\000o\000n\000,\000\040\000T\000e\000r\000m\000i\000n\000o\000l\000o\000g\000y\000,\000\040\000a\000n\000d\000\040\000F\000o\000r\000m\000u\000l\000a\000s}{chapter.12}% 90
\BOOKMARK [2][-]{subsection.12.2.1}{\376\377\000B\000a\000s\000i\000c\000\040\000D\000e\000f\000i\000n\000i\000t\000i\000o\000n\000s\000\040\000a\000n\000d\000\040\000T\000e\000r\000m\000i\000n\000o\000l\000o\000g\000y}{section.12.2}% 91
\BOOKMARK [2][-]{subsection.12.2.2}{\376\377\000P\000e\000r\000f\000o\000r\000m\000a\000n\000c\000e\000\040\000F\000o\000r\000m\000u\000l\000a\000s}{section.12.2}% 92
\BOOKMARK [2][-]{subsection.12.2.3}{\376\377\000S\000u\000m\000m\000a\000r\000y\000\040\000T\000a\000b\000l\000e\000\040\000o\000f\000\040\000T\000r\000e\000e\000\040\000P\000r\000o\000p\000e\000r\000t\000i\000e\000s}{section.12.2}% 93
\BOOKMARK [1][-]{section.12.3}{\376\377\000T\000y\000p\000e\000s\000\040\000o\000f\000\040\000T\000r\000e\000e\000\040\000D\000a\000t\000a\000\040\000S\000t\000r\000u\000c\000t\000u\000r\000e\000s}{chapter.12}% 94
\BOOKMARK [1][-]{section.12.4}{\376\377\000C\000o\000n\000v\000e\000r\000t\000i\000n\000g\000\040\000A\000r\000r\000a\000y\000s\000\040\000i\000n\000t\000o\000\040\000T\000r\000e\000e\000s}{chapter.12}% 95
\BOOKMARK [1][-]{section.12.5}{\376\377\000D\000i\000a\000g\000r\000a\000m\000s\000\040\000o\000f\000\040\000T\000r\000e\000e\000\040\000S\000t\000r\000u\000c\000t\000u\000r\000e\000s\000\040\000a\000n\000d\000\040\000T\000r\000a\000v\000e\000r\000s\000a\000l\000s}{chapter.12}% 96
\BOOKMARK [2][-]{subsection.12.5.1}{\376\377\000B\000i\000n\000a\000r\000y\000\040\000T\000r\000e\000e\000\040\000D\000i\000a\000g\000r\000a\000m}{section.12.5}% 97
\BOOKMARK [2][-]{subsection.12.5.2}{\376\377\000T\000r\000a\000v\000e\000r\000s\000a\000l\000\040\000O\000r\000d\000e\000r\000\040\000E\000x\000a\000m\000p\000l\000e}{section.12.5}% 98
\BOOKMARK [1][-]{section.12.6}{\376\377\000C\000+\000+\000\040\000I\000m\000p\000l\000e\000m\000e\000n\000t\000a\000t\000i\000o\000n\000\040\000o\000f\000\040\000a\000\040\000B\000i\000n\000a\000r\000y\000\040\000S\000e\000a\000r\000c\000h\000\040\000T\000r\000e\000e}{chapter.12}% 99
\BOOKMARK [1][-]{section.12.7}{\376\377\000A\000V\000L\000\040\000T\000r\000e\000e\000s\000:\000\040\000I\000m\000p\000l\000e\000m\000e\000n\000t\000a\000t\000i\000o\000n\000\040\000a\000n\000d\000\040\000R\000o\000t\000a\000t\000i\000o\000n\000s}{chapter.12}% 100
\BOOKMARK [2][-]{subsection.12.7.1}{\376\377\000N\000o\000d\000e\000\040\000S\000t\000r\000u\000c\000t\000u\000r\000e\000\040\000a\000n\000d\000\040\000B\000a\000l\000a\000n\000c\000e\000\040\000F\000a\000c\000t\000o\000r}{section.12.7}% 101
\BOOKMARK [2][-]{subsection.12.7.2}{\376\377\000A\000V\000L\000\040\000R\000o\000t\000a\000t\000i\000o\000n\000s}{section.12.7}% 102
\BOOKMARK [2][-]{subsection.12.7.3}{\376\377\000D\000i\000a\000g\000r\000a\000m\000:\000\040\000L\000e\000f\000t\000\040\000R\000o\000t\000a\000t\000i\000o\000n\000\040\000E\000x\000a\000m\000p\000l\000e}{section.12.7}% 103
\BOOKMARK [2][-]{subsection.12.7.4}{\376\377\000C\000+\000+\000\040\000I\000m\000p\000l\000e\000m\000e\000n\000t\000a\000t\000i\000o\000n\000\040\000o\000f\000\040\000a\000n\000\040\000A\000V\000L\000\040\000T\000r\000e\000e}{section.12.7}% 104
\BOOKMARK [1][-]{section.12.8}{\376\377\000A\000V\000L\000\040\000T\000r\000e\000e\000s\000:\000\040\000R\000o\000t\000a\000t\000i\000o\000n\000s}{chapter.12}% 105
\BOOKMARK [2][-]{subsection.12.8.1}{\376\377\000N\000o\000d\000e\000\040\000S\000t\000r\000u\000c\000t\000u\000r\000e\000\040\000a\000n\000d\000\040\000B\000a\000l\000a\000n\000c\000e\000\040\000F\000a\000c\000t\000o\000r}{section.12.8}% 106
\BOOKMARK [2][-]{subsection.12.8.2}{\376\377\000A\000V\000L\000\040\000R\000o\000t\000a\000t\000i\000o\000n\000s\000:\000\040\000T\000e\000r\000m\000i\000n\000o\000l\000o\000g\000y\000\040\000a\000n\000d\000\040\000D\000i\000a\000g\000r\000a\000m\000s}{section.12.8}% 107
\BOOKMARK [1][-]{section.12.9}{\376\377\000C\000o\000n\000c\000l\000u\000s\000i\000o\000n}{chapter.12}% 108
\BOOKMARK [0][-]{chapter.13}{\376\377\000G\000r\000a\000p\000h\000\040\000D\000a\000t\000a\000\040\000S\000t\000r\000u\000c\000t\000u\000r\000e\000s}{part.3}% 109
\BOOKMARK [1][-]{section.13.1}{\376\377\000I\000n\000t\000r\000o\000d\000u\000c\000t\000i\000o\000n}{chapter.13}% 110
\BOOKMARK [1][-]{section.13.2}{\376\377\000D\000e\000f\000i\000n\000i\000t\000i\000o\000n\000,\000\040\000T\000e\000r\000m\000i\000n\000o\000l\000o\000g\000y\000,\000\040\000a\000n\000d\000\040\000F\000o\000r\000m\000u\000l\000a\000s}{chapter.13}% 111
\BOOKMARK [2][-]{subsection.13.2.1}{\376\377\000K\000e\000y\000\040\000T\000e\000r\000m\000i\000n\000o\000l\000o\000g\000y}{section.13.2}% 112
\BOOKMARK [2][-]{subsection.13.2.2}{\376\377\000U\000s\000e\000f\000u\000l\000\040\000F\000o\000r\000m\000u\000l\000a\000s}{section.13.2}% 113
\BOOKMARK [1][-]{section.13.3}{\376\377\000G\000r\000a\000p\000h\000\040\000R\000e\000p\000r\000e\000s\000e\000n\000t\000a\000t\000i\000o\000n\000s}{chapter.13}% 114
\BOOKMARK [2][-]{subsection.13.3.1}{\376\377\000A\000d\000j\000a\000c\000e\000n\000c\000y\000\040\000M\000a\000t\000r\000i\000x}{section.13.3}% 115
\BOOKMARK [2][-]{subsection.13.3.2}{\376\377\000A\000d\000j\000a\000c\000e\000n\000c\000y\000\040\000L\000i\000s\000t}{section.13.3}% 116
\BOOKMARK [2][-]{subsection.13.3.3}{\376\377\000E\000d\000g\000e\000\040\000L\000i\000s\000t}{section.13.3}% 117
\BOOKMARK [1][-]{section.13.4}{\376\377\000T\000y\000p\000e\000s\000\040\000o\000f\000\040\000G\000r\000a\000p\000h\000s\000\040\000a\000n\000d\000\040\000D\000e\000t\000a\000i\000l\000e\000d\000\040\000D\000i\000a\000g\000r\000a\000m\000s}{chapter.13}% 118
\BOOKMARK [2][-]{subsection.13.4.1}{\376\377\000U\000n\000d\000i\000r\000e\000c\000t\000e\000d\000\040\000G\000r\000a\000p\000h}{section.13.4}% 119
\BOOKMARK [2][-]{subsection.13.4.2}{\376\377\000D\000i\000r\000e\000c\000t\000e\000d\000\040\000G\000r\000a\000p\000h\000\040\000\050\000D\000i\000g\000r\000a\000p\000h\000\051}{section.13.4}% 120
\BOOKMARK [2][-]{subsection.13.4.3}{\376\377\000W\000e\000i\000g\000h\000t\000e\000d\000\040\000G\000r\000a\000p\000h}{section.13.4}% 121
\BOOKMARK [1][-]{section.13.5}{\376\377\000C\000+\000+\000\040\000I\000m\000p\000l\000e\000m\000e\000n\000t\000a\000t\000i\000o\000n\000s\000\040\000o\000f\000\040\000G\000r\000a\000p\000h\000\040\000R\000e\000p\000r\000e\000s\000e\000n\000t\000a\000t\000i\000o\000n\000s}{chapter.13}% 122
\BOOKMARK [2][-]{subsection.13.5.1}{\376\377\000A\000d\000j\000a\000c\000e\000n\000c\000y\000\040\000M\000a\000t\000r\000i\000x\000\040\000I\000m\000p\000l\000e\000m\000e\000n\000t\000a\000t\000i\000o\000n}{section.13.5}% 123
\BOOKMARK [2][-]{subsection.13.5.2}{\376\377\000A\000d\000j\000a\000c\000e\000n\000c\000y\000\040\000L\000i\000s\000t\000\040\000I\000m\000p\000l\000e\000m\000e\000n\000t\000a\000t\000i\000o\000n}{section.13.5}% 124
\BOOKMARK [2][-]{subsection.13.5.3}{\376\377\000E\000d\000g\000e\000\040\000L\000i\000s\000t\000\040\000R\000e\000p\000r\000e\000s\000e\000n\000t\000a\000t\000i\000o\000n}{section.13.5}% 125
\BOOKMARK [1][-]{section.13.6}{\376\377\000G\000r\000a\000p\000h\000\040\000A\000l\000g\000o\000r\000i\000t\000h\000m\000s}{chapter.13}% 126
\BOOKMARK [2][-]{subsection.13.6.1}{\376\377\000B\000r\000e\000a\000d\000t\000h\000-\000F\000i\000r\000s\000t\000\040\000S\000e\000a\000r\000c\000h\000\040\000\050\000B\000F\000S\000\051}{section.13.6}% 127
\BOOKMARK [2][-]{subsection.13.6.2}{\376\377\000D\000e\000p\000t\000h\000-\000F\000i\000r\000s\000t\000\040\000S\000e\000a\000r\000c\000h\000\040\000\050\000D\000F\000S\000\051}{section.13.6}% 128
\BOOKMARK [1][-]{section.13.7}{\376\377\000S\000p\000a\000n\000n\000i\000n\000g\000\040\000T\000r\000e\000e\000s}{chapter.13}% 129
\BOOKMARK [2][-]{subsection.13.7.1}{\376\377\000D\000e\000f\000i\000n\000i\000t\000i\000o\000n}{section.13.7}% 130
\BOOKMARK [2][-]{subsection.13.7.2}{\376\377\000P\000r\000o\000p\000e\000r\000t\000i\000e\000s\000\040\000o\000f\000\040\000S\000p\000a\000n\000n\000i\000n\000g\000\040\000T\000r\000e\000e\000s}{section.13.7}% 131
\BOOKMARK [2][-]{subsection.13.7.3}{\376\377\000M\000i\000n\000i\000m\000u\000m\000\040\000S\000p\000a\000n\000n\000i\000n\000g\000\040\000T\000r\000e\000e\000\040\000\050\000M\000S\000T\000\051}{section.13.7}% 132
\BOOKMARK [2][-]{subsection.13.7.4}{\376\377\000M\000a\000x\000i\000m\000u\000m\000\040\000S\000p\000a\000n\000n\000i\000n\000g\000\040\000T\000r\000e\000e}{section.13.7}% 133
\BOOKMARK [2][-]{subsection.13.7.5}{\376\377\000C\000o\000m\000p\000a\000r\000i\000s\000o\000n}{section.13.7}% 134
\BOOKMARK [1][-]{section.13.8}{\376\377\000D\000i\000a\000g\000r\000a\000m\000s\000\040\000f\000o\000r\000\040\000G\000r\000a\000p\000h\000\040\000R\000e\000p\000r\000e\000s\000e\000n\000t\000a\000t\000i\000o\000n\000s}{chapter.13}% 135
\BOOKMARK [2][-]{subsection.13.8.1}{\376\377\000A\000d\000j\000a\000c\000e\000n\000c\000y\000\040\000M\000a\000t\000r\000i\000x\000\040\000D\000i\000a\000g\000r\000a\000m}{section.13.8}% 136
\BOOKMARK [2][-]{subsection.13.8.2}{\376\377\000A\000d\000j\000a\000c\000e\000n\000c\000y\000\040\000L\000i\000s\000t\000\040\000D\000i\000a\000g\000r\000a\000m}{section.13.8}% 137
\BOOKMARK [1][-]{section.13.9}{\376\377\000C\000o\000n\000c\000l\000u\000s\000i\000o\000n}{chapter.13}% 138
\BOOKMARK [-1][-]{part.4}{\376\377\000I\000V\000\040\000S\000e\000a\000r\000c\000h\000i\000n\000g\000\040\000a\000n\000d\000\040\000S\000o\000r\000t\000i\000n\000g}{}% 139
\BOOKMARK [0][-]{chapter.14}{\376\377\000S\000e\000a\000r\000c\000h\000i\000n\000g\000\040\000A\000l\000g\000o\000r\000i\000t\000h\000m\000s}{part.4}% 140
\BOOKMARK [1][-]{section.14.1}{\376\377\000L\000i\000n\000e\000a\000r\000\040\000S\000e\000a\000r\000c\000h}{chapter.14}% 141
\BOOKMARK [2][-]{subsection.14.1.1}{\376\377\000E\000x\000p\000l\000a\000n\000a\000t\000i\000o\000n}{section.14.1}% 142
\BOOKMARK [2][-]{subsection.14.1.2}{\376\377\000C\000+\000+\000\040\000C\000o\000d\000e\000\040\000E\000x\000a\000m\000p\000l\000e}{section.14.1}% 143
\BOOKMARK [2][-]{subsection.14.1.3}{\376\377\000D\000i\000a\000g\000r\000a\000m\000:\000\040\000L\000i\000n\000e\000a\000r\000\040\000S\000e\000a\000r\000c\000h\000\040\000P\000r\000o\000c\000e\000s\000s}{section.14.1}% 144
\BOOKMARK [1][-]{section.14.2}{\376\377\000B\000i\000n\000a\000r\000y\000\040\000S\000e\000a\000r\000c\000h}{chapter.14}% 145
\BOOKMARK [2][-]{subsection.14.2.1}{\376\377\000E\000x\000p\000l\000a\000n\000a\000t\000i\000o\000n}{section.14.2}% 146
\BOOKMARK [2][-]{subsection.14.2.2}{\376\377\000C\000+\000+\000\040\000C\000o\000d\000e\000\040\000E\000x\000a\000m\000p\000l\000e}{section.14.2}% 147
\BOOKMARK [2][-]{subsection.14.2.3}{\376\377\000D\000i\000a\000g\000r\000a\000m\000:\000\040\000B\000i\000n\000a\000r\000y\000\040\000S\000e\000a\000r\000c\000h\000\040\000P\000r\000o\000c\000e\000s\000s}{section.14.2}% 148
\BOOKMARK [2][-]{subsection.14.2.4}{\376\377\000S\000t\000e\000p\000-\000b\000y\000-\000S\000t\000e\000p\000\040\000E\000x\000a\000m\000p\000l\000e\000\040\000o\000f\000\040\000B\000i\000n\000a\000r\000y\000\040\000S\000e\000a\000r\000c\000h}{section.14.2}% 149
\BOOKMARK [1][-]{section.14.3}{\376\377\000E\000x\000p\000o\000n\000e\000n\000t\000i\000a\000l\000\040\000S\000e\000a\000r\000c\000h}{chapter.14}% 150
\BOOKMARK [2][-]{subsection.14.3.1}{\376\377\000E\000x\000p\000l\000a\000n\000a\000t\000i\000o\000n}{section.14.3}% 151
\BOOKMARK [2][-]{subsection.14.3.2}{\376\377\000C\000+\000+\000\040\000C\000o\000d\000e\000\040\000E\000x\000a\000m\000p\000l\000e}{section.14.3}% 152
\BOOKMARK [2][-]{subsection.14.3.3}{\376\377\000D\000i\000a\000g\000r\000a\000m\000:\000\040\000E\000x\000p\000o\000n\000e\000n\000t\000i\000a\000l\000\040\000S\000e\000a\000r\000c\000h\000\040\000P\000r\000o\000c\000e\000s\000s}{section.14.3}% 153
\BOOKMARK [1][-]{section.14.4}{\376\377\000I\000n\000t\000e\000r\000p\000o\000l\000a\000t\000i\000o\000n\000\040\000S\000e\000a\000r\000c\000h}{chapter.14}% 154
\BOOKMARK [2][-]{subsection.14.4.1}{\376\377\000E\000x\000p\000l\000a\000n\000a\000t\000i\000o\000n}{section.14.4}% 155
\BOOKMARK [2][-]{subsection.14.4.2}{\376\377\000C\000+\000+\000\040\000C\000o\000d\000e\000\040\000E\000x\000a\000m\000p\000l\000e}{section.14.4}% 156
\BOOKMARK [1][-]{section.14.5}{\376\377\000C\000o\000n\000c\000l\000u\000s\000i\000o\000n}{chapter.14}% 157
\BOOKMARK [0][-]{chapter.15}{\376\377\000S\000o\000r\000t\000i\000n\000g\000\040\000A\000l\000g\000o\000r\000i\000t\000h\000m\000s}{part.4}% 158
\BOOKMARK [1][-]{section.15.1}{\376\377\000B\000u\000b\000b\000l\000e\000\040\000S\000o\000r\000t}{chapter.15}% 159
\BOOKMARK [1][-]{section.15.2}{\376\377\000I\000n\000s\000e\000r\000t\000i\000o\000n\000\040\000S\000o\000r\000t}{chapter.15}% 160
\BOOKMARK [1][-]{section.15.3}{\376\377\000S\000e\000l\000e\000c\000t\000i\000o\000n\000\040\000S\000o\000r\000t}{chapter.15}% 161
\BOOKMARK [1][-]{section.15.4}{\376\377\000C\000o\000u\000n\000t\000i\000n\000g\000\040\000S\000o\000r\000t}{chapter.15}% 162
\BOOKMARK [1][-]{section.15.5}{\376\377\000R\000a\000d\000i\000x\000\040\000S\000o\000r\000t}{chapter.15}% 163
\BOOKMARK [1][-]{section.15.6}{\376\377\000T\000i\000m\000s\000o\000r\000t}{chapter.15}% 164
\BOOKMARK [1][-]{section.15.7}{\376\377\000M\000e\000r\000g\000e\000\040\000S\000o\000r\000t}{chapter.15}% 165
\BOOKMARK [2][-]{subsection.15.7.1}{\376\377\000M\000e\000r\000g\000e\000\040\000S\000o\000r\000t\000\040\000I\000m\000p\000l\000e\000m\000e\000n\000t\000a\000t\000i\000o\000n\000\040\000i\000n\000\040\000C\000+\000+}{section.15.7}% 166
\BOOKMARK [2][-]{subsection.15.7.2}{\376\377\000E\000x\000a\000m\000p\000l\000e\000\040\000U\000s\000a\000g\000e}{section.15.7}% 167
\BOOKMARK [2][-]{subsection.15.7.3}{\376\377\000T\000i\000m\000e\000\040\000C\000o\000m\000p\000l\000e\000x\000i\000t\000y\000\040\000A\000n\000a\000l\000y\000s\000i\000s}{section.15.7}% 168
\BOOKMARK [0][-]{chapter.16}{\376\377\000D\000S\000A\000\040\000C\000o\000d\000i\000n\000g\000\040\000Q\000u\000e\000s\000t\000i\000o\000n\000s}{part.4}% 169
\BOOKMARK [0][-]{chapter.17}{\376\377\000C\000+\000+\000\040\000T\000e\000m\000p\000l\000a\000t\000e}{part.4}% 170
\BOOKMARK [1][-]{section.17.1}{\376\377\000B\000a\000s\000i\000c\000\040\000T\000e\000m\000p\000l\000a\000t\000e}{chapter.17}% 171
\BOOKMARK [1][-]{section.17.2}{\376\377\000D\000e\000b\000u\000g\000g\000i\000n\000g\000\040\000T\000e\000m\000p\000l\000a\000t\000e}{chapter.17}% 172
\BOOKMARK [1][-]{section.17.3}{\376\377\000C\000o\000m\000b\000i\000n\000e\000d\000\040\000T\000e\000m\000p\000l\000a\000t\000e}{chapter.17}% 173
\BOOKMARK [1][-]{section.17.4}{\376\377\000U\000s\000i\000n\000g\000\040\000t\000h\000e\000\040\000D\000e\000b\000u\000g\000g\000i\000n\000g\000\040\000T\000e\000m\000p\000l\000a\000t\000e}{chapter.17}% 174
\BOOKMARK [1][-]{section.17.5}{\376\377\000C\000+\000+\000\040\000p\000r\000o\000g\000r\000a\000m\000\040\000t\000i\000m\000e\000\040\000c\000a\000l\000c\000u\000l\000a\000t\000i\000o\000n}{chapter.17}% 175
\BOOKMARK [1][-]{section.17.6}{\376\377\000T\000e\000s\000t\000\040\000c\000a\000s\000e\000\040\000g\000e\000n\000e\000r\000a\000t\000o\000r\000\040\000p\000r\000o\000g\000r\000a\000m\000\040\000i\000n\000\040\000C\000+\000+}{chapter.17}% 176
\BOOKMARK [1][-]{section.17.7}{\376\377\000S\000c\000r\000i\000p\000t\000\040\000f\000o\000r\000\040\000s\000t\000r\000e\000s\000s\000\040\000t\000e\000s\000t\000i\000n\000g\000\040\000o\000f\000\040\000c\000+\000+\000\040\000c\000o\000d\000e}{chapter.17}% 177
\BOOKMARK [-1][-]{part.5}{\376\377\000V\000\040\000C\000o\000m\000m\000a\000n\000d\000s}{}% 178
\BOOKMARK [0][-]{chapter.18}{\376\377\000L\000i\000n\000u\000x\000\040\000C\000o\000m\000m\000a\000n\000d\000s}{part.5}% 179
\BOOKMARK [1][-]{section.18.1}{\376\377\000B\000a\000s\000i\000c\000\040\000L\000i\000n\000u\000x\000\040\000C\000o\000m\000m\000a\000n\000d\000s}{chapter.18}% 180
\BOOKMARK [1][-]{section.18.2}{\376\377\000I\000n\000t\000e\000r\000m\000e\000d\000i\000a\000t\000e\000\040\000C\000o\000m\000m\000a\000n\000d\000s}{chapter.18}% 181
\BOOKMARK [1][-]{section.18.3}{\376\377\000A\000d\000v\000a\000n\000c\000e\000d\000\040\000C\000o\000m\000m\000a\000n\000d\000s}{chapter.18}% 182
\BOOKMARK [1][-]{section.18.4}{\376\377\000G\000I\000T\000\040\000C\000o\000m\000m\000a\000n\000d\000s}{chapter.18}% 183
